

Results for val_3 & agent_ness

agent_ness : 83750 : 307801 : 55.99493980407715 : 66.12417697906494

Mean AP:: 55.99 mean Recall 66.12


Results for val_3 & agent

Ped : 29968 : 232020 : 41.9310599565506 : 61.81259751319885
Car : 23903 : 97650 : 71.75548076629639 : 79.26620244979858
Cyc : 7760 : 97255 : 51.01918578147888 : 65.74742197990417
Mobike : 627 : 24819 : 74.30228590965271 : 96.96969985961914
MedVeh : 5458 : 41165 : 16.51396155357361 : 37.33968436717987
LarVeh : 2374 : 24300 : 17.13370829820633 : 47.13563621044159
Bus : 2052 : 16132 : 40.16743302345276 : 65.6920075416565
EmVeh : 197 : 7614 : 0.0576595077291131 : 8.121827244758606
TL : 7809 : 60392 : 45.655059814453125 : 62.953001260757446
OthTL : 3602 : 30702 : 13.235369324684143 : 41.837868094444275

Mean AP:: 37.18 mean Recall 56.69


Results for val_3 & action

Red : 5414 : 44916 : 41.68773293495178 : 53.82342338562012
Amber : 885 : 21218 : 37.044933438301086 : 56.49717450141907
Green : 4612 : 47820 : 44.209492206573486 : 66.47875308990479
MovAway : 28631 : 198911 : 42.18497276306152 : 63.35790157318115
MovTow : 18628 : 202582 : 45.93616724014282 : 69.77131366729736
Mov : 694 : 67575 : 11.501946300268173 : 41.066282987594604
Brake : 6651 : 31094 : 47.78722524642944 : 74.6203601360321
Stop : 21237 : 159566 : 40.98067879676819 : 62.16979622840881
IncatLft : 1303 : 37906 : 7.780894637107849 : 92.78587698936462
IncatRht : 541 : 36037 : 2.828909084200859 : 84.65803861618042
HazLit : 549 : 23756 : 7.141762226819992 : 65.02732038497925
TurLft : 563 : 55400 : 7.693277299404144 : 71.58081531524658
TurRht : 309 : 28817 : 20.148783922195435 : 73.13916087150574
Ovtak : 128 : 23978 : 1.6111427918076515 : 83.59375
Wait2X : 1856 : 54385 : 15.888826549053192 : 57.489222288131714
XingFmLft : 1632 : 50578 : 40.73243737220764 : 66.78921580314636
XingFmRht : 1499 : 60942 : 35.451945662498474 : 66.3108766078949
Xing : 171 : 45299 : 1.9024763256311417 : 73.0994164943695
PushObj : 457 : 49989 : 3.0743058770895004 : 34.573304653167725

Mean AP:: 23.98 mean Recall 66.15


Results for val_3 & loc

VehLane : 21373 : 94587 : 53.95275354385376 : 66.80391430854797
OutgoLane : 4069 : 52175 : 37.662166357040405 : 76.751047372818
OutgoCycLane : 1023 : 36511 : 35.63614785671234 : 68.62170100212097
IncomLane : 11387 : 82764 : 62.30863928794861 : 78.13295722007751
IncomCycLane : 1150 : 51229 : 36.19728684425354 : 70.34782767295837
Pav : 2760 : 90192 : 5.965206027030945 : 34.021738171577454
LftPav : 15738 : 112774 : 37.642866373062134 : 60.376161336898804
RhtPav : 10234 : 140914 : 33.75815451145172 : 61.7256224155426
Jun : 7982 : 126962 : 18.316790461540222 : 63.17965388298035
xing : 903 : 51801 : 24.935267865657806 : 62.569212913513184
BusStop : 465 : 39526 : 0.05011999164707959 : 18.27957034111023
parking : 1 : 64237 : 0.0 : 0.0

Mean AP:: 28.87 mean Recall 55.07


Results for val_3 & duplex

Bus-MovAway : 739 : 8317 : 21.389488875865936 : 52.63870358467102
Bus-MovTow : 646 : 7543 : 54.25374507904053 : 74.30340647697449
Bus-Stop : 484 : 9106 : 10.72482317686081 : 70.45454382896423
Bus-XingFmLft : 123 : 5781 : 0.0309666502289474 : 8.943089097738266
Car-Brake : 5668 : 24039 : 47.617945075035095 : 70.35991549491882
Car-IncatLft : 674 : 25295 : 9.998739510774612 : 87.38872408866882
Car-IncatRht : 411 : 21051 : 3.0825380235910416 : 78.83211970329285
Car-MovAway : 9016 : 46980 : 63.31448554992676 : 77.72848010063171
Car-MovTow : 3752 : 41975 : 69.24189329147339 : 87.63326406478882
Car-Stop : 9897 : 45705 : 50.51302909851074 : 69.22299861907959
Car-TurLft : 301 : 24393 : 9.510228782892227 : 79.40199375152588
Car-TurRht : 252 : 15502 : 22.715996205806732 : 78.57142686843872
Car-XingFmLft : 827 : 15759 : 57.23903179168701 : 79.44377064704895
Car-XingFmRht : 393 : 15820 : 53.577494621276855 : 76.59032940864563
Cyc-MovAway : 3423 : 42373 : 39.0115350484848 : 58.632779121398926
Cyc-MovTow : 1902 : 54654 : 44.301870465278625 : 67.66561269760132
Cyc-Stop : 2302 : 38397 : 52.08258032798767 : 68.50564479827881
Cyc-TurLft : 64 : 26159 : 0.0032763786293799058 : 12.5
Cyc-XingFmLft : 70 : 17018 : 0.9640755131840706 : 31.42857253551483
Cyc-XingFmRht : 63 : 14593 : 22.095534205436707 : 28.57142984867096
LarVeh-Stop : 1431 : 14271 : 12.134931236505508 : 34.59119498729706
MedVeh-IncatLft : 42 : 10087 : 0.11118301190435886 : 42.85714328289032
MedVeh-MovTow : 908 : 19430 : 42.43290424346924 : 71.47576808929443
MedVeh-Stop : 2444 : 18621 : 6.066582724452019 : 24.75450038909912
MedVeh-TurRht : 57 : 10837 : 1.3759789988398552 : 29.82456088066101
OthTL-Green : 1213 : 15868 : 1.8427278846502304 : 41.055235266685486
OthTL-Red : 2183 : 21691 : 6.702824681997299 : 26.110857725143433
Ped-Mov : 694 : 67414 : 11.475532501935959 : 41.35446548461914
Ped-MovAway : 12895 : 156615 : 27.531009912490845 : 56.393951177597046
Ped-MovTow : 10959 : 160309 : 29.592174291610718 : 61.10959053039551
Ped-PushObj : 457 : 50332 : 3.0391843989491463 : 35.010939836502075
Ped-Stop : 3934 : 102975 : 12.310849130153656 : 55.43975830078125
Ped-Wait2X : 1770 : 52636 : 15.455523133277893 : 57.45762586593628
Ped-Xing : 171 : 42608 : 2.0527098327875137 : 74.85380172729492
Ped-XingFmLft : 520 : 31484 : 32.59418308734894 : 58.269232511520386
Ped-XingFmRht : 966 : 38180 : 31.5950870513916 : 63.561075925827026
TL-Amber : 679 : 20537 : 33.74737799167633 : 57.43740797042847
TL-Green : 3399 : 46839 : 47.646763920784 : 65.93115329742432
TL-Red : 3231 : 36661 : 52.12045907974243 : 70.1330840587616

Mean AP:: 25.68 mean Recall 57.09


Results for val_3 & triplet

Bus-MovTow-IncomLane : 544 : 6574 : 58.12070965766907 : 83.45588445663452
Bus-MovTow-Jun : 194 : 7775 : 10.876515507698059 : 62.886595726013184
Bus-Stop-IncomLane : 254 : 6488 : 10.110338777303696 : 70.47244310379028
Bus-Stop-VehLane : 182 : 3780 : 8.282479643821716 : 66.48351550102234
Bus-XingFmLft-Jun : 123 : 5782 : 0.03328389720991254 : 8.943089097738266
Car-Brake-Jun : 1143 : 7290 : 40.79850912094116 : 83.11461210250854
Car-Brake-VehLane : 5425 : 14366 : 54.169511795043945 : 66.6728138923645
Car-IncatLft-Jun : 531 : 11734 : 6.867765635251999 : 44.82109248638153
Car-IncatLft-VehLane : 177 : 17515 : 16.223080456256866 : 89.83050584793091
Car-IncatRht-IncomLane : 193 : 18289 : 4.1184961795806885 : 90.15544056892395
Car-IncatRht-Jun : 128 : 12777 : 1.1970204301178455 : 50.78125
Car-MovAway-Jun : 1991 : 25210 : 21.884971857070923 : 60.62280535697937
Car-MovAway-OutgoLane : 619 : 22585 : 10.62394231557846 : 72.3747968673706
Car-MovAway-VehLane : 8008 : 32563 : 59.31157469749451 : 75.71178674697876
Car-MovTow-IncomLane : 3603 : 30317 : 69.65520977973938 : 88.06549906730652
Car-MovTow-Jun : 339 : 26694 : 6.53751865029335 : 77.28613615036011
Car-Stop-IncomLane : 2546 : 21795 : 48.81191849708557 : 73.7234890460968
Car-Stop-Jun : 2178 : 21668 : 6.056937575340271 : 54.68319654464722
Car-Stop-VehLane : 5257 : 21442 : 54.675573110580444 : 65.4365599155426
Car-TurLft-Jun : 268 : 18720 : 9.56236645579338 : 73.13432693481445
Car-TurLft-VehLane : 84 : 14682 : 5.360907688736916 : 85.71428656578064
Car-TurRht-IncomLane : 54 : 11389 : 0.33382491674274206 : 46.296295523643494
Car-TurRht-Jun : 198 : 11957 : 14.767007529735565 : 75.2525269985199
Car-XingFmLft-Jun : 827 : 15262 : 55.48253059387207 : 79.32285666465759
Cyc-MovAway-Jun : 185 : 25883 : 0.9478509426116943 : 31.891891360282898
Cyc-MovAway-LftPav : 478 : 12602 : 3.2524656504392624 : 10.878661274909973
Cyc-MovAway-OutgoCycLane : 1019 : 19615 : 36.2147182226181 : 68.30225586891174
Cyc-MovAway-OutgoLane : 216 : 11975 : 2.766072191298008 : 70.83333134651184
Cyc-MovAway-VehLane : 1671 : 18459 : 30.14678657054901 : 56.67265057563782
Cyc-MovTow-IncomCycLane : 1002 : 27467 : 43.14952194690704 : 76.14770531654358
Cyc-MovTow-IncomLane : 577 : 25293 : 12.647007405757904 : 56.15251064300537
Cyc-MovTow-Jun : 106 : 20275 : 5.219292640686035 : 71.69811129570007
Cyc-MovTow-LftPav : 240 : 9856 : 22.00521230697632 : 62.5
Cyc-Stop-IncomCycLane : 73 : 18968 : 8.49875584244728 : 45.205479860305786
Cyc-Stop-IncomLane : 485 : 9230 : 13.06864470243454 : 53.60824465751648
Cyc-Stop-Jun : 174 : 17063 : 1.2139791622757912 : 60.34482717514038
Cyc-TurLft-Jun : 64 : 18496 : 0.0022490423361887224 : 7.8125
Cyc-XingFmLft-Jun : 70 : 12297 : 1.1198364198207855 : 31.42857253551483
MedVeh-MovTow-IncomLane : 908 : 13945 : 44.586381316185 : 70.0440526008606
MedVeh-MovTow-Jun : 30 : 11615 : 2.5350242853164673 : 89.99999761581421
MedVeh-Stop-IncomLane : 602 : 8855 : 32.6852411031723 : 68.27242374420166
MedVeh-Stop-Jun : 28 : 8233 : 0.0 : 0.0
MedVeh-TurRht-Jun : 51 : 10249 : 1.1590625159442425 : 33.33333432674408
Ped-Mov-Pav : 694 : 38797 : 13.50691169500351 : 37.896254658699036
Ped-MovAway-LftPav : 8328 : 61607 : 25.823915004730225 : 53.33813428878784
Ped-MovAway-Pav : 659 : 41714 : 0.07456460734829307 : 14.871016144752502
Ped-MovAway-RhtPav : 2822 : 88073 : 9.856817126274109 : 53.40183973312378
Ped-MovTow-IncomLane : 35 : 14365 : 1.6017775982618332 : 80.0000011920929
Ped-MovTow-LftPav : 4637 : 75217 : 31.671616435050964 : 62.432605028152466
Ped-MovTow-RhtPav : 5090 : 86379 : 29.823845624923706 : 62.45579719543457
Ped-MovTow-VehLane : 67 : 26437 : 0.005886414510314353 : 17.91044771671295
Ped-PushObj-LftPav : 198 : 24338 : 4.881855472922325 : 30.808082222938538
Ped-PushObj-RhtPav : 85 : 17997 : 0.2048682188615203 : 32.94117748737335
Ped-Stop-BusStop : 465 : 34721 : 0.038496346678584814 : 15.698924660682678
Ped-Stop-LftPav : 1726 : 39030 : 11.941306293010712 : 58.342987298965454
Ped-Stop-Pav : 236 : 45539 : 0.18696209881454706 : 33.05084705352783
Ped-Stop-RhtPav : 1610 : 36479 : 4.6942126005887985 : 41.24223589897156
Ped-Stop-VehLane : 151 : 15388 : 6.921987235546112 : 42.384105920791626
Ped-Wait2X-LftPav : 900 : 30769 : 14.280830323696136 : 55.666667222976685
Ped-Wait2X-RhtPav : 680 : 15927 : 11.709058284759521 : 54.11764979362488
Ped-XingFmLft-IncomLane : 83 : 11957 : 0.0 : 0.0
Ped-XingFmLft-Jun : 54 : 19521 : 1.379087194800377 : 50.0
Ped-XingFmLft-VehLane : 71 : 13227 : 60.893428325653076 : 92.95774698257446
Ped-XingFmLft-xing : 305 : 20471 : 21.262137591838837 : 64.26229476928711
Ped-XingFmRht-IncomLane : 157 : 10582 : 0.5796325858682394 : 29.936304688453674
Ped-XingFmRht-Jun : 56 : 18632 : 0.3184828441590071 : 39.28571343421936
Ped-XingFmRht-RhtPav : 90 : 4191 : 0.0 : 0.0
Ped-XingFmRht-VehLane : 108 : 13541 : 3.860272094607353 : 67.59259104728699

Mean AP:: 16.04 mean Recall 54.43


Results for val_3 & av_actions

AV-Stop : 3992 : 16700 : 96.60430705727802
AV-Mov : 11469 : 16700 : 97.57015345320166
AV-TurRht : 522 : 16700 : 58.61586297959218
AV-TurLft : 501 : 16700 : 68.24984743783453
AV-MovRht : 33 : 16700 : 0.3248612346421252
AV-MovLft : 90 : 16700 : 0.5673580028998297
AV-Ovtak : 93 : 16700 : 3.4677203514131714
FRAME Mean AP:: 46.49

Mean AP:: 46.49 mean Recall 1.00


Results for val_3 & agent_ness

agent_ness : 83750 : 307801 : 55.99493980407715 : 66.12417697906494

Mean AP:: 55.99 mean Recall 66.12


Results for val_3 & agent

Ped : 29968 : 232020 : 41.9310599565506 : 61.81259751319885
Car : 23903 : 97650 : 71.75548076629639 : 79.26620244979858
Cyc : 7760 : 97255 : 51.01918578147888 : 65.74742197990417
Mobike : 627 : 24819 : 74.30228590965271 : 96.96969985961914
MedVeh : 5458 : 41165 : 16.51396155357361 : 37.33968436717987
LarVeh : 2374 : 24300 : 17.13370829820633 : 47.13563621044159
Bus : 2052 : 16132 : 40.16743302345276 : 65.6920075416565
EmVeh : 197 : 7614 : 0.0576595077291131 : 8.121827244758606
TL : 7809 : 60392 : 45.655059814453125 : 62.953001260757446
OthTL : 3602 : 30702 : 13.235369324684143 : 41.837868094444275

Mean AP:: 37.18 mean Recall 56.69


Results for val_3 & action

Red : 5414 : 44916 : 41.68773293495178 : 53.82342338562012
Amber : 885 : 21218 : 37.044933438301086 : 56.49717450141907
Green : 4612 : 47820 : 44.209492206573486 : 66.47875308990479
MovAway : 28631 : 198911 : 42.18497276306152 : 63.35790157318115
MovTow : 18628 : 202582 : 45.93616724014282 : 69.77131366729736
Mov : 694 : 67575 : 11.501946300268173 : 41.066282987594604
Brake : 6651 : 31094 : 47.78722524642944 : 74.6203601360321
Stop : 21237 : 159566 : 40.98067879676819 : 62.16979622840881
IncatLft : 1303 : 37906 : 7.780894637107849 : 92.78587698936462
IncatRht : 541 : 36037 : 2.828909084200859 : 84.65803861618042
HazLit : 549 : 23756 : 7.141762226819992 : 65.02732038497925
TurLft : 563 : 55400 : 7.693277299404144 : 71.58081531524658
TurRht : 309 : 28817 : 20.148783922195435 : 73.13916087150574
Ovtak : 128 : 23978 : 1.6111427918076515 : 83.59375
Wait2X : 1856 : 54385 : 15.888826549053192 : 57.489222288131714
XingFmLft : 1632 : 50578 : 40.73243737220764 : 66.78921580314636
XingFmRht : 1499 : 60942 : 35.451945662498474 : 66.3108766078949
Xing : 171 : 45299 : 1.9024763256311417 : 73.0994164943695
PushObj : 457 : 49989 : 3.0743058770895004 : 34.573304653167725

Mean AP:: 23.98 mean Recall 66.15


Results for val_3 & loc

VehLane : 21373 : 94587 : 53.95275354385376 : 66.80391430854797
OutgoLane : 4069 : 52175 : 37.662166357040405 : 76.751047372818
OutgoCycLane : 1023 : 36511 : 35.63614785671234 : 68.62170100212097
IncomLane : 11387 : 82764 : 62.30863928794861 : 78.13295722007751
IncomCycLane : 1150 : 51229 : 36.19728684425354 : 70.34782767295837
Pav : 2760 : 90192 : 5.965206027030945 : 34.021738171577454
LftPav : 15738 : 112774 : 37.642866373062134 : 60.376161336898804
RhtPav : 10234 : 140914 : 33.75815451145172 : 61.7256224155426
Jun : 7982 : 126962 : 18.316790461540222 : 63.17965388298035
xing : 903 : 51801 : 24.935267865657806 : 62.569212913513184
BusStop : 465 : 39526 : 0.05011999164707959 : 18.27957034111023
parking : 1 : 64237 : 0.0 : 0.0

Mean AP:: 28.87 mean Recall 55.07


Results for val_3 & duplex

Bus-MovAway : 739 : 8317 : 21.389488875865936 : 52.63870358467102
Bus-MovTow : 646 : 7543 : 54.25374507904053 : 74.30340647697449
Bus-Stop : 484 : 9106 : 10.72482317686081 : 70.45454382896423
Bus-XingFmLft : 123 : 5781 : 0.0309666502289474 : 8.943089097738266
Car-Brake : 5668 : 24039 : 47.617945075035095 : 70.35991549491882
Car-IncatLft : 674 : 25295 : 9.998739510774612 : 87.38872408866882
Car-IncatRht : 411 : 21051 : 3.0825380235910416 : 78.83211970329285
Car-MovAway : 9016 : 46980 : 63.31448554992676 : 77.72848010063171
Car-MovTow : 3752 : 41975 : 69.24189329147339 : 87.63326406478882
Car-Stop : 9897 : 45705 : 50.51302909851074 : 69.22299861907959
Car-TurLft : 301 : 24393 : 9.510228782892227 : 79.40199375152588
Car-TurRht : 252 : 15502 : 22.715996205806732 : 78.57142686843872
Car-XingFmLft : 827 : 15759 : 57.23903179168701 : 79.44377064704895
Car-XingFmRht : 393 : 15820 : 53.577494621276855 : 76.59032940864563
Cyc-MovAway : 3423 : 42373 : 39.0115350484848 : 58.632779121398926
Cyc-MovTow : 1902 : 54654 : 44.301870465278625 : 67.66561269760132
Cyc-Stop : 2302 : 38397 : 52.08258032798767 : 68.50564479827881
Cyc-TurLft : 64 : 26159 : 0.0032763786293799058 : 12.5
Cyc-XingFmLft : 70 : 17018 : 0.9640755131840706 : 31.42857253551483
Cyc-XingFmRht : 63 : 14593 : 22.095534205436707 : 28.57142984867096
LarVeh-Stop : 1431 : 14271 : 12.134931236505508 : 34.59119498729706
MedVeh-IncatLft : 42 : 10087 : 0.11118301190435886 : 42.85714328289032
MedVeh-MovTow : 908 : 19430 : 42.43290424346924 : 71.47576808929443
MedVeh-Stop : 2444 : 18621 : 6.066582724452019 : 24.75450038909912
MedVeh-TurRht : 57 : 10837 : 1.3759789988398552 : 29.82456088066101
OthTL-Green : 1213 : 15868 : 1.8427278846502304 : 41.055235266685486
OthTL-Red : 2183 : 21691 : 6.702824681997299 : 26.110857725143433
Ped-Mov : 694 : 67414 : 11.475532501935959 : 41.35446548461914
Ped-MovAway : 12895 : 156615 : 27.531009912490845 : 56.393951177597046
Ped-MovTow : 10959 : 160309 : 29.592174291610718 : 61.10959053039551
Ped-PushObj : 457 : 50332 : 3.0391843989491463 : 35.010939836502075
Ped-Stop : 3934 : 102975 : 12.310849130153656 : 55.43975830078125
Ped-Wait2X : 1770 : 52636 : 15.455523133277893 : 57.45762586593628
Ped-Xing : 171 : 42608 : 2.0527098327875137 : 74.85380172729492
Ped-XingFmLft : 520 : 31484 : 32.59418308734894 : 58.269232511520386
Ped-XingFmRht : 966 : 38180 : 31.5950870513916 : 63.561075925827026
TL-Amber : 679 : 20537 : 33.74737799167633 : 57.43740797042847
TL-Green : 3399 : 46839 : 47.646763920784 : 65.93115329742432
TL-Red : 3231 : 36661 : 52.12045907974243 : 70.1330840587616

Mean AP:: 25.68 mean Recall 57.09


Results for val_3 & triplet

Bus-MovTow-IncomLane : 544 : 6574 : 58.12070965766907 : 83.45588445663452
Bus-MovTow-Jun : 194 : 7775 : 10.876515507698059 : 62.886595726013184
Bus-Stop-IncomLane : 254 : 6488 : 10.110338777303696 : 70.47244310379028
Bus-Stop-VehLane : 182 : 3780 : 8.282479643821716 : 66.48351550102234
Bus-XingFmLft-Jun : 123 : 5782 : 0.03328389720991254 : 8.943089097738266
Car-Brake-Jun : 1143 : 7290 : 40.79850912094116 : 83.11461210250854
Car-Brake-VehLane : 5425 : 14366 : 54.169511795043945 : 66.6728138923645
Car-IncatLft-Jun : 531 : 11734 : 6.867765635251999 : 44.82109248638153
Car-IncatLft-VehLane : 177 : 17515 : 16.223080456256866 : 89.83050584793091
Car-IncatRht-IncomLane : 193 : 18289 : 4.1184961795806885 : 90.15544056892395
Car-IncatRht-Jun : 128 : 12777 : 1.1970204301178455 : 50.78125
Car-MovAway-Jun : 1991 : 25210 : 21.884971857070923 : 60.62280535697937
Car-MovAway-OutgoLane : 619 : 22585 : 10.62394231557846 : 72.3747968673706
Car-MovAway-VehLane : 8008 : 32563 : 59.31157469749451 : 75.71178674697876
Car-MovTow-IncomLane : 3603 : 30317 : 69.65520977973938 : 88.06549906730652
Car-MovTow-Jun : 339 : 26694 : 6.53751865029335 : 77.28613615036011
Car-Stop-IncomLane : 2546 : 21795 : 48.81191849708557 : 73.7234890460968
Car-Stop-Jun : 2178 : 21668 : 6.056937575340271 : 54.68319654464722
Car-Stop-VehLane : 5257 : 21442 : 54.675573110580444 : 65.4365599155426
Car-TurLft-Jun : 268 : 18720 : 9.56236645579338 : 73.13432693481445
Car-TurLft-VehLane : 84 : 14682 : 5.360907688736916 : 85.71428656578064
Car-TurRht-IncomLane : 54 : 11389 : 0.33382491674274206 : 46.296295523643494
Car-TurRht-Jun : 198 : 11957 : 14.767007529735565 : 75.2525269985199
Car-XingFmLft-Jun : 827 : 15262 : 55.48253059387207 : 79.32285666465759
Cyc-MovAway-Jun : 185 : 25883 : 0.9478509426116943 : 31.891891360282898
Cyc-MovAway-LftPav : 478 : 12602 : 3.2524656504392624 : 10.878661274909973
Cyc-MovAway-OutgoCycLane : 1019 : 19615 : 36.2147182226181 : 68.30225586891174
Cyc-MovAway-OutgoLane : 216 : 11975 : 2.766072191298008 : 70.83333134651184
Cyc-MovAway-VehLane : 1671 : 18459 : 30.14678657054901 : 56.67265057563782
Cyc-MovTow-IncomCycLane : 1002 : 27467 : 43.14952194690704 : 76.14770531654358
Cyc-MovTow-IncomLane : 577 : 25293 : 12.647007405757904 : 56.15251064300537
Cyc-MovTow-Jun : 106 : 20275 : 5.219292640686035 : 71.69811129570007
Cyc-MovTow-LftPav : 240 : 9856 : 22.00521230697632 : 62.5
Cyc-Stop-IncomCycLane : 73 : 18968 : 8.49875584244728 : 45.205479860305786
Cyc-Stop-IncomLane : 485 : 9230 : 13.06864470243454 : 53.60824465751648
Cyc-Stop-Jun : 174 : 17063 : 1.2139791622757912 : 60.34482717514038
Cyc-TurLft-Jun : 64 : 18496 : 0.0022490423361887224 : 7.8125
Cyc-XingFmLft-Jun : 70 : 12297 : 1.1198364198207855 : 31.42857253551483
MedVeh-MovTow-IncomLane : 908 : 13945 : 44.586381316185 : 70.0440526008606
MedVeh-MovTow-Jun : 30 : 11615 : 2.5350242853164673 : 89.99999761581421
MedVeh-Stop-IncomLane : 602 : 8855 : 32.6852411031723 : 68.27242374420166
MedVeh-Stop-Jun : 28 : 8233 : 0.0 : 0.0
MedVeh-TurRht-Jun : 51 : 10249 : 1.1590625159442425 : 33.33333432674408
Ped-Mov-Pav : 694 : 38797 : 13.50691169500351 : 37.896254658699036
Ped-MovAway-LftPav : 8328 : 61607 : 25.823915004730225 : 53.33813428878784
Ped-MovAway-Pav : 659 : 41714 : 0.07456460734829307 : 14.871016144752502
Ped-MovAway-RhtPav : 2822 : 88073 : 9.856817126274109 : 53.40183973312378
Ped-MovTow-IncomLane : 35 : 14365 : 1.6017775982618332 : 80.0000011920929
Ped-MovTow-LftPav : 4637 : 75217 : 31.671616435050964 : 62.432605028152466
Ped-MovTow-RhtPav : 5090 : 86379 : 29.823845624923706 : 62.45579719543457
Ped-MovTow-VehLane : 67 : 26437 : 0.005886414510314353 : 17.91044771671295
Ped-PushObj-LftPav : 198 : 24338 : 4.881855472922325 : 30.808082222938538
Ped-PushObj-RhtPav : 85 : 17997 : 0.2048682188615203 : 32.94117748737335
Ped-Stop-BusStop : 465 : 34721 : 0.038496346678584814 : 15.698924660682678
Ped-Stop-LftPav : 1726 : 39030 : 11.941306293010712 : 58.342987298965454
Ped-Stop-Pav : 236 : 45539 : 0.18696209881454706 : 33.05084705352783
Ped-Stop-RhtPav : 1610 : 36479 : 4.6942126005887985 : 41.24223589897156
Ped-Stop-VehLane : 151 : 15388 : 6.921987235546112 : 42.384105920791626
Ped-Wait2X-LftPav : 900 : 30769 : 14.280830323696136 : 55.666667222976685
Ped-Wait2X-RhtPav : 680 : 15927 : 11.709058284759521 : 54.11764979362488
Ped-XingFmLft-IncomLane : 83 : 11957 : 0.0 : 0.0
Ped-XingFmLft-Jun : 54 : 19521 : 1.379087194800377 : 50.0
Ped-XingFmLft-VehLane : 71 : 13227 : 60.893428325653076 : 92.95774698257446
Ped-XingFmLft-xing : 305 : 20471 : 21.262137591838837 : 64.26229476928711
Ped-XingFmRht-IncomLane : 157 : 10582 : 0.5796325858682394 : 29.936304688453674
Ped-XingFmRht-Jun : 56 : 18632 : 0.3184828441590071 : 39.28571343421936
Ped-XingFmRht-RhtPav : 90 : 4191 : 0.0 : 0.0
Ped-XingFmRht-VehLane : 108 : 13541 : 3.860272094607353 : 67.59259104728699

Mean AP:: 16.04 mean Recall 54.43


Results for val_3 & av_actions

AV-Stop : 3992 : 16700 : 96.60430705727802
AV-Mov : 11469 : 16700 : 97.57015345320166
AV-TurRht : 522 : 16700 : 58.61586297959218
AV-TurLft : 501 : 16700 : 68.24984743783453
AV-MovRht : 33 : 16700 : 0.3248612346421252
AV-MovLft : 90 : 16700 : 0.5673580028998297
AV-Ovtak : 93 : 16700 : 3.4677203514131714
FRAME Mean AP:: 46.49

Mean AP:: 46.49 mean Recall 1.00
