resnet50I3D512-Pkinetics-b1s8x1x1-roadt3-h3x3x3
Building tubes......


Results for val_3 & agent @ 0.20 stiou

Ped : 398 : 2905 : 29.03185486793518 : 43.21607947349548
Car : 187 : 2905 : 55.2915096282959 : 74.86631274223328
Cyc : 89 : 2905 : 37.865689396858215 : 55.0561785697937
Mobike : 3 : 2905 : 37.62626349925995 : 66.66666865348816
MedVeh : 36 : 2905 : 38.80690932273865 : 63.88888955116272
LarVeh : 21 : 2905 : 13.995853066444397 : 47.61904776096344
Bus : 22 : 2905 : 38.560694456100464 : 59.090906381607056
EmVeh : 2 : 2905 : 1.0100137442350388 : 100.0
TL : 39 : 2905 : 20.143570005893707 : 38.46153914928436
OthTL : 12 : 2905 : 8.450523018836975 : 16.66666716337204

Mean AP:: 28.08 mean Recall 56.55


Results for val_3 & action @ 0.20 stiou

Red : 28 : 851 : 10.630234330892563 : 25.0
Amber : 20 : 588 : 1.630747877061367 : 15.000000596046448
Green : 37 : 1010 : 8.87654796242714 : 27.027025818824768
MovAway : 257 : 2859 : 21.11288458108902 : 42.41245090961456
MovTow : 325 : 2821 : 47.26822078227997 : 56.61538243293762
Mov : 22 : 1715 : 6.5510086715221405 : 18.18181872367859
Brake : 42 : 815 : 8.972273021936417 : 28.57142984867096
Stop : 189 : 2747 : 27.92511284351349 : 50.79365372657776
IncatLft : 22 : 1198 : 4.920848831534386 : 18.18181872367859
IncatRht : 13 : 1104 : 1.2423587031662464 : 38.46153914928436
HazLit : 3 : 706 : 2.7314238250255585 : 66.66666865348816
TurLft : 20 : 1905 : 6.540340185165405 : 34.99999940395355
TurRht : 7 : 818 : 18.549421429634094 : 42.85714328289032
Ovtak : 2 : 614 : 6.25 : 50.0
Wait2X : 30 : 1777 : 20.978237688541412 : 60.00000238418579
XingFmLft : 53 : 1949 : 33.62174332141876 : 52.83018946647644
XingFmRht : 31 : 2274 : 42.918941378593445 : 61.29032373428345
Xing : 4 : 1544 : 1.9760102033615112 : 50.0
PushObj : 6 : 1746 : 17.214171588420868 : 33.33333432674408

Mean AP:: 15.26 mean Recall 40.64


Results for val_3 & loc @ 0.20 stiou

VehLane : 60 : 2760 : 29.651319980621338 : 56.66666626930237
OutgoLane : 31 : 2065 : 14.940956234931946 : 58.06451439857483
OutgoCycLane : 15 : 1781 : 36.75274848937988 : 46.666666865348816
IncomLane : 181 : 2342 : 62.936681509017944 : 73.48066568374634
IncomCycLane : 27 : 2214 : 36.55930459499359 : 59.25925970077515
Pav : 76 : 2419 : 4.569758102297783 : 14.473684132099152
LftPav : 185 : 2580 : 29.892954230308533 : 45.945945382118225
RhtPav : 155 : 2619 : 26.035773754119873 : 42.580646276474
Jun : 153 : 2898 : 24.145150184631348 : 50.32680034637451
xing : 25 : 2549 : 16.60141795873642 : 40.00000059604645
BusStop : 6 : 2116 : 0.0 : 0.0
parking : 1 : 2705 : 0.0 : 0.0

Mean AP:: 23.51 mean Recall 40.62


Results for val_3 & duplex @ 0.20 stiou

Bus-MovAway : 9 : 209 : 17.592594027519226 : 22.22222238779068
Bus-MovTow : 9 : 187 : 74.96298551559448 : 88.88888955116272
Bus-Stop : 4 : 228 : 12.142334878444672 : 75.0
Bus-XingFmLft : 4 : 184 : 0.0 : 0.0
Car-Brake : 37 : 453 : 7.634824514389038 : 24.32432472705841
Car-IncatLft : 17 : 531 : 6.219484657049179 : 17.64705926179886
Car-IncatRht : 9 : 413 : 2.6372937485575676 : 44.44444477558136
Car-MovAway : 50 : 880 : 26.000308990478516 : 54.00000214576721
Car-MovTow : 77 : 904 : 73.4042763710022 : 76.6233742237091
Car-Stop : 73 : 874 : 35.59497892856598 : 58.90411138534546
Car-TurLft : 10 : 520 : 13.120236992835999 : 60.00000238418579
Car-TurRht : 6 : 338 : 5.763889104127884 : 33.33333432674408
Car-XingFmLft : 31 : 303 : 40.937140583992004 : 54.83871102333069
Car-XingFmRht : 11 : 331 : 63.7518048286438 : 72.72727489471436
Cyc-MovAway : 30 : 985 : 26.155290007591248 : 40.00000059604645
Cyc-MovTow : 44 : 1562 : 51.70032978057861 : 61.36363744735718
Cyc-Stop : 21 : 1097 : 26.298806071281433 : 42.85714328289032
Cyc-TurLft : 5 : 446 : 0.0 : 0.0
Cyc-XingFmLft : 1 : 291 : 8.33333358168602 : 100.0
Cyc-XingFmRht : 2 : 147 : 50.0 : 50.0
LarVeh-Stop : 12 : 307 : 20.227235555648804 : 33.33333432674408
MedVeh-IncatLft : 4 : 204 : 0.0 : 0.0
MedVeh-MovTow : 16 : 479 : 50.179386138916016 : 68.75
MedVeh-Stop : 15 : 403 : 18.492130935192108 : 46.666666865348816
MedVeh-TurRht : 1 : 225 : 10.000000149011612 : 100.0
OthTL-Green : 6 : 459 : 0.04208754398860037 : 16.66666716337204
OthTL-Red : 11 : 462 : 2.2727273404598236 : 9.090909361839294
Ped-Mov : 22 : 1471 : 7.105735689401627 : 18.18181872367859
Ped-MovAway : 149 : 2083 : 20.040112733840942 : 38.926175236701965
Ped-MovTow : 173 : 2088 : 26.514771580696106 : 43.35260093212128
Ped-PushObj : 6 : 1540 : 17.180414497852325 : 33.33333432674408
Ped-Stop : 61 : 1911 : 12.936118245124817 : 44.262295961380005
Ped-Wait2X : 28 : 1500 : 20.356516540050507 : 60.71428656578064
Ped-Xing : 4 : 1223 : 2.411786839365959 : 50.0
Ped-XingFmLft : 15 : 813 : 29.60723340511322 : 53.33333611488342
Ped-XingFmRht : 15 : 1107 : 35.453855991363525 : 46.666666865348816
TL-Amber : 14 : 488 : 2.310447208583355 : 21.42857164144516
TL-Green : 31 : 758 : 10.847684741020203 : 29.032257199287415
TL-Red : 17 : 617 : 16.38503223657608 : 35.29411852359772

Mean AP:: 21.66 mean Recall 44.26


Results for val_3 & triplet @ 0.20 stiou

Bus-MovTow-IncomLane : 7 : 172 : 93.25680136680603 : 100.0
Bus-MovTow-Jun : 4 : 249 : 22.541292011737823 : 75.0
Bus-Stop-IncomLane : 2 : 158 : 16.31578952074051 : 100.0
Bus-Stop-VehLane : 2 : 128 : 12.5 : 50.0
Bus-XingFmLft-Jun : 4 : 217 : 0.0 : 0.0
Car-Brake-Jun : 8 : 103 : 0.0 : 0.0
Car-Brake-VehLane : 30 : 285 : 7.769841700792313 : 13.333334028720856
Car-IncatLft-Jun : 11 : 276 : 9.471183270215988 : 27.272728085517883
Car-IncatLft-VehLane : 7 : 258 : 14.28571492433548 : 14.28571492433548
Car-IncatRht-IncomLane : 3 : 251 : 8.651413768529892 : 100.0
Car-IncatRht-Jun : 6 : 245 : 0.7575757801532745 : 16.66666716337204
Car-MovAway-Jun : 44 : 541 : 15.54650068283081 : 36.36363744735718
Car-MovAway-OutgoLane : 12 : 378 : 13.405193388462067 : 58.33333134651184
Car-MovAway-VehLane : 27 : 578 : 22.431951761245728 : 40.74074029922485
Car-MovTow-IncomLane : 67 : 627 : 80.37021160125732 : 85.07462739944458
Car-MovTow-Jun : 19 : 514 : 2.6591673493385315 : 36.84210479259491
Car-Stop-IncomLane : 36 : 385 : 55.64025640487671 : 75.0
Car-Stop-Jun : 18 : 398 : 2.395995520055294 : 27.77777910232544
Car-Stop-VehLane : 21 : 356 : 31.88519775867462 : 42.85714328289032
Car-TurLft-Jun : 10 : 414 : 12.643741071224213 : 40.00000059604645
Car-TurLft-VehLane : 3 : 221 : 3.333333507180214 : 33.33333432674408
Car-TurRht-IncomLane : 1 : 150 : 0.0 : 0.0
Car-TurRht-Jun : 5 : 237 : 22.575758397579193 : 40.00000059604645
Car-XingFmLft-Jun : 31 : 266 : 41.08158051967621 : 54.83871102333069
Cyc-MovAway-Jun : 7 : 425 : 0.0 : 0.0
Cyc-MovAway-LftPav : 5 : 336 : 20.000000298023224 : 20.000000298023224
Cyc-MovAway-OutgoCycLane : 14 : 446 : 39.56157565116882 : 50.0
Cyc-MovAway-OutgoLane : 5 : 143 : 1.048821583390236 : 40.00000059604645
Cyc-MovAway-VehLane : 13 : 313 : 13.922300934791565 : 38.46153914928436
Cyc-MovTow-IncomCycLane : 23 : 743 : 50.92322826385498 : 65.21739363670349
Cyc-MovTow-IncomLane : 17 : 613 : 15.275156497955322 : 52.941179275512695
Cyc-MovTow-Jun : 5 : 317 : 4.601449519395828 : 40.00000059604645
Cyc-MovTow-LftPav : 3 : 294 : 51.38888955116272 : 100.0
Cyc-Stop-IncomCycLane : 3 : 387 : 35.28205156326294 : 66.66666865348816
Cyc-Stop-IncomLane : 10 : 114 : 12.833333015441895 : 30.000001192092896
Cyc-Stop-Jun : 5 : 209 : 2.8188837692141533 : 60.00000238418579
Cyc-TurLft-Jun : 5 : 260 : 0.0 : 0.0
Cyc-XingFmLft-Jun : 1 : 234 : 100.0 : 100.0
MedVeh-MovTow-IncomLane : 16 : 332 : 51.00162625312805 : 68.75
MedVeh-MovTow-Jun : 3 : 222 : 2.77777798473835 : 33.33333432674408
MedVeh-Stop-IncomLane : 8 : 182 : 48.60939979553223 : 75.0
MedVeh-Stop-Jun : 1 : 160 : 0.0 : 0.0
MedVeh-TurRht-Jun : 1 : 188 : 8.33333358168602 : 100.0
Ped-Mov-Pav : 22 : 814 : 9.293745458126068 : 18.18181872367859
Ped-MovAway-LftPav : 74 : 1095 : 22.396372258663177 : 40.54054021835327
Ped-MovAway-Pav : 22 : 952 : 0.27796414215117693 : 18.18181872367859
Ped-MovAway-RhtPav : 51 : 1242 : 11.061450093984604 : 37.254902720451355
Ped-MovTow-IncomLane : 1 : 280 : 7.14285746216774 : 100.0
Ped-MovTow-LftPav : 81 : 1388 : 30.58547079563141 : 43.209877610206604
Ped-MovTow-RhtPav : 73 : 1267 : 24.112382531166077 : 42.465752363204956
Ped-MovTow-VehLane : 1 : 788 : 0.0 : 0.0
Ped-PushObj-LftPav : 3 : 638 : 33.33333432674408 : 33.33333432674408
Ped-PushObj-RhtPav : 2 : 584 : 0.0 : 0.0
Ped-Stop-BusStop : 6 : 1025 : 0.0 : 0.0
Ped-Stop-LftPav : 23 : 824 : 18.32527220249176 : 52.173912525177
Ped-Stop-Pav : 7 : 834 : 0.0 : 0.0
Ped-Stop-RhtPav : 27 : 889 : 10.88448092341423 : 48.148149251937866
Ped-Stop-VehLane : 1 : 238 : 0.0 : 0.0
Ped-Wait2X-LftPav : 8 : 741 : 37.5 : 37.5
Ped-Wait2X-RhtPav : 17 : 470 : 15.374290943145752 : 47.05882370471954
Ped-XingFmLft-IncomLane : 1 : 189 : 0.0 : 0.0
Ped-XingFmLft-Jun : 1 : 318 : 6.25 : 100.0
Ped-XingFmLft-VehLane : 1 : 150 : 100.0 : 100.0
Ped-XingFmLft-xing : 12 : 328 : 12.964898347854614 : 41.66666567325592
Ped-XingFmRht-IncomLane : 4 : 171 : 1.9157551229000092 : 50.0
Ped-XingFmRht-Jun : 1 : 235 : 0.0 : 0.0
Ped-XingFmRht-RhtPav : 3 : 4 : 0.0 : 0.0
Ped-XingFmRht-VehLane : 2 : 203 : 9.42028984427452 : 100.0

Mean AP:: 19.10 mean Recall 42.91


Results for val_3 & agent @ 0.50 stiou

Ped : 398 : 2905 : 3.833843395113945 : 10.301507264375687
Car : 187 : 2905 : 21.447721123695374 : 38.50267231464386
Cyc : 89 : 2905 : 11.976160109043121 : 22.47191071510315
Mobike : 3 : 2905 : 37.62626349925995 : 66.66666865348816
MedVeh : 36 : 2905 : 11.661092936992645 : 33.33333432674408
LarVeh : 21 : 2905 : 0.8281426504254341 : 19.0476194024086
Bus : 22 : 2905 : 29.881536960601807 : 36.36363744735718
EmVeh : 2 : 2905 : 0.0 : 0.0
TL : 39 : 2905 : 2.5641025975346565 : 2.5641025975346565
OthTL : 12 : 2905 : 0.0 : 0.0

Mean AP:: 11.98 mean Recall 22.93


Results for val_3 & action @ 0.50 stiou

Red : 28 : 851 : 3.57142873108387 : 3.57142873108387
Amber : 20 : 588 : 0.8333333767950535 : 5.000000074505806
Green : 37 : 1010 : 0.0 : 0.0
MovAway : 257 : 2859 : 3.2401807606220245 : 14.007781445980072
MovTow : 325 : 2821 : 15.48011302947998 : 25.846153497695923
Mov : 22 : 1715 : 0.0 : 0.0
Brake : 42 : 815 : 0.051759835332632065 : 2.380952425301075
Stop : 189 : 2747 : 3.3855944871902466 : 12.169311940670013
IncatLft : 22 : 1198 : 4.627935215830803 : 9.090909361839294
IncatRht : 13 : 1104 : 0.22073970176279545 : 15.384615957736969
HazLit : 3 : 706 : 0.11655011912807822 : 33.33333432674408
TurLft : 20 : 1905 : 0.05456646322272718 : 10.000000149011612
TurRht : 7 : 818 : 14.9039626121521 : 28.57142984867096
Ovtak : 2 : 614 : 6.25 : 50.0
Wait2X : 30 : 1777 : 0.2504817442968488 : 6.666667014360428
XingFmLft : 53 : 1949 : 5.413168668746948 : 15.094339847564697
XingFmRht : 31 : 2274 : 10.881483554840088 : 16.129031777381897
Xing : 4 : 1544 : 0.27777778450399637 : 25.0
PushObj : 6 : 1746 : 0.0 : 0.0

Mean AP:: 3.66 mean Recall 14.33


Results for val_3 & loc @ 0.50 stiou

VehLane : 60 : 2760 : 18.174612522125244 : 31.666666269302368
OutgoLane : 31 : 2065 : 7.20268189907074 : 25.806450843811035
OutgoCycLane : 15 : 1781 : 2.6111114770174026 : 13.333334028720856
IncomLane : 181 : 2342 : 22.210203111171722 : 40.88397920131683
IncomCycLane : 27 : 2214 : 15.530538558959961 : 25.925925374031067
Pav : 76 : 2419 : 0.21929824724793434 : 1.315789483487606
LftPav : 185 : 2580 : 4.293939098715782 : 11.35135143995285
RhtPav : 155 : 2619 : 4.175649210810661 : 10.322580486536026
Jun : 153 : 2898 : 6.635001301765442 : 18.95424872636795
xing : 25 : 2549 : 1.1062271893024445 : 7.999999821186066
BusStop : 6 : 2116 : 0.0 : 0.0
parking : 1 : 2705 : 0.0 : 0.0

Mean AP:: 6.85 mean Recall 15.63


Results for val_3 & duplex @ 0.50 stiou

Bus-MovAway : 9 : 209 : 0.0 : 0.0
Bus-MovTow : 9 : 187 : 64.94709253311157 : 66.66666865348816
Bus-Stop : 4 : 228 : 8.77976194024086 : 50.0
Bus-XingFmLft : 4 : 184 : 0.0 : 0.0
Car-Brake : 37 : 453 : 0.0 : 0.0
Car-IncatLft : 17 : 531 : 5.882352963089943 : 5.882352963089943
Car-IncatRht : 9 : 413 : 0.5705219227820635 : 22.22222238779068
Car-MovAway : 50 : 880 : 4.851403832435608 : 18.000000715255737
Car-MovTow : 77 : 904 : 30.184099078178406 : 48.051947355270386
Car-Stop : 73 : 874 : 3.052907809615135 : 16.438356041908264
Car-TurLft : 10 : 520 : 0.1513687428086996 : 20.000000298023224
Car-TurRht : 6 : 338 : 5.763889104127884 : 33.33333432674408
Car-XingFmLft : 31 : 303 : 6.157531216740608 : 16.129031777381897
Car-XingFmRht : 11 : 331 : 19.393940269947052 : 27.272728085517883
Cyc-MovAway : 30 : 985 : 6.804639846086502 : 20.000000298023224
Cyc-MovTow : 44 : 1562 : 12.388243526220322 : 27.272728085517883
Cyc-Stop : 21 : 1097 : 9.5238097012043 : 9.5238097012043
Cyc-TurLft : 5 : 446 : 0.0 : 0.0
Cyc-XingFmLft : 1 : 291 : 0.0 : 0.0
Cyc-XingFmRht : 2 : 147 : 50.0 : 50.0
LarVeh-Stop : 12 : 307 : 0.0 : 0.0
MedVeh-IncatLft : 4 : 204 : 0.0 : 0.0
MedVeh-MovTow : 16 : 479 : 32.09840953350067 : 56.25
MedVeh-Stop : 15 : 403 : 8.444444835186005 : 13.333334028720856
MedVeh-TurRht : 1 : 225 : 0.0 : 0.0
OthTL-Green : 6 : 459 : 0.0 : 0.0
OthTL-Red : 11 : 462 : 0.0 : 0.0
Ped-Mov : 22 : 1471 : 0.0 : 0.0
Ped-MovAway : 149 : 2083 : 2.7769040316343307 : 12.080536782741547
Ped-MovTow : 173 : 2088 : 4.991532117128372 : 10.982658714056015
Ped-PushObj : 6 : 1540 : 0.0 : 0.0
Ped-Stop : 61 : 1911 : 0.5700144916772842 : 6.557376682758331
Ped-Wait2X : 28 : 1500 : 0.27140171732753515 : 7.14285746216774
Ped-Xing : 4 : 1223 : 0.33783784601837397 : 25.0
Ped-XingFmLft : 15 : 813 : 8.833333849906921 : 13.333334028720856
Ped-XingFmRht : 15 : 1107 : 1.111111231148243 : 6.666667014360428
TL-Amber : 14 : 488 : 0.8928571827709675 : 7.14285746216774
TL-Green : 31 : 758 : 0.0 : 0.0
TL-Red : 17 : 617 : 5.882352963089943 : 5.882352963089943

Mean AP:: 7.56 mean Recall 15.26


Results for val_3 & triplet @ 0.50 stiou

Bus-MovTow-IncomLane : 7 : 172 : 80.88435530662537 : 85.71428656578064
Bus-MovTow-Jun : 4 : 249 : 20.83333432674408 : 50.0
Bus-Stop-IncomLane : 2 : 158 : 12.5 : 50.0
Bus-Stop-VehLane : 2 : 128 : 0.0 : 0.0
Bus-XingFmLft-Jun : 4 : 217 : 0.0 : 0.0
Car-Brake-Jun : 8 : 103 : 0.0 : 0.0
Car-Brake-VehLane : 30 : 285 : 0.0 : 0.0
Car-IncatLft-Jun : 11 : 276 : 9.090909361839294 : 9.090909361839294
Car-IncatLft-VehLane : 7 : 258 : 14.28571492433548 : 14.28571492433548
Car-IncatRht-IncomLane : 3 : 251 : 0.8771929889917374 : 33.33333432674408
Car-IncatRht-Jun : 6 : 245 : 0.7575757801532745 : 16.66666716337204
Car-MovAway-Jun : 44 : 541 : 6.984551250934601 : 11.363636702299118
Car-MovAway-OutgoLane : 12 : 378 : 4.202406108379364 : 33.33333432674408
Car-MovAway-VehLane : 27 : 578 : 3.727954253554344 : 14.814814925193787
Car-MovTow-IncomLane : 67 : 627 : 29.99976873397827 : 53.731346130371094
Car-MovTow-Jun : 19 : 514 : 1.3876540586352348 : 15.789473056793213
Car-Stop-IncomLane : 36 : 385 : 9.218534082174301 : 25.0
Car-Stop-Jun : 18 : 398 : 0.0 : 0.0
Car-Stop-VehLane : 21 : 356 : 0.7811632938683033 : 9.5238097012043
Car-TurLft-Jun : 10 : 414 : 0.23997731041163206 : 20.000000298023224
Car-TurLft-VehLane : 3 : 221 : 0.0 : 0.0
Car-TurRht-IncomLane : 1 : 150 : 0.0 : 0.0
Car-TurRht-Jun : 5 : 237 : 22.575758397579193 : 40.00000059604645
Car-XingFmLft-Jun : 31 : 266 : 8.787502348423004 : 16.129031777381897
Cyc-MovAway-Jun : 7 : 425 : 0.0 : 0.0
Cyc-MovAway-LftPav : 5 : 336 : 20.000000298023224 : 20.000000298023224
Cyc-MovAway-OutgoCycLane : 14 : 446 : 2.619047835469246 : 14.28571492433548
Cyc-MovAway-OutgoLane : 5 : 143 : 0.0 : 0.0
Cyc-MovAway-VehLane : 13 : 313 : 1.5064103528857231 : 15.384615957736969
Cyc-MovTow-IncomCycLane : 23 : 743 : 18.882350623607635 : 30.434781312942505
Cyc-MovTow-IncomLane : 17 : 613 : 7.7145978808403015 : 29.411765933036804
Cyc-MovTow-Jun : 5 : 317 : 0.41666668839752674 : 20.000000298023224
Cyc-MovTow-LftPav : 3 : 294 : 0.0 : 0.0
Cyc-Stop-IncomCycLane : 3 : 387 : 0.0 : 0.0
Cyc-Stop-IncomLane : 10 : 114 : 2.500000037252903 : 10.000000149011612
Cyc-Stop-Jun : 5 : 209 : 0.35714288242161274 : 20.000000298023224
Cyc-TurLft-Jun : 5 : 260 : 0.0 : 0.0
Cyc-XingFmLft-Jun : 1 : 234 : 0.0 : 0.0
MedVeh-MovTow-IncomLane : 16 : 332 : 28.065812587738037 : 56.25
MedVeh-MovTow-Jun : 3 : 222 : 2.77777798473835 : 33.33333432674408
MedVeh-Stop-IncomLane : 8 : 182 : 10.41666716337204 : 25.0
MedVeh-Stop-Jun : 1 : 160 : 0.0 : 0.0
MedVeh-TurRht-Jun : 1 : 188 : 0.0 : 0.0
Ped-Mov-Pav : 22 : 814 : 0.0 : 0.0
Ped-MovAway-LftPav : 74 : 1095 : 2.3250436410307884 : 12.162162363529205
Ped-MovAway-Pav : 22 : 952 : 0.05681818583980203 : 4.545454680919647
Ped-MovAway-RhtPav : 51 : 1242 : 2.46396791189909 : 7.8431375324726105
Ped-MovTow-IncomLane : 1 : 280 : 7.14285746216774 : 100.0
Ped-MovTow-LftPav : 81 : 1388 : 7.8042276203632355 : 11.11111119389534
Ped-MovTow-RhtPav : 73 : 1267 : 4.007123410701752 : 13.698630034923553
Ped-MovTow-VehLane : 1 : 788 : 0.0 : 0.0
Ped-PushObj-LftPav : 3 : 638 : 0.0 : 0.0
Ped-PushObj-RhtPav : 2 : 584 : 0.0 : 0.0
Ped-Stop-BusStop : 6 : 1025 : 0.0 : 0.0
Ped-Stop-LftPav : 23 : 824 : 0.841803103685379 : 8.695652335882187
Ped-Stop-Pav : 7 : 834 : 0.0 : 0.0
Ped-Stop-RhtPav : 27 : 889 : 0.5101780872792006 : 7.407407462596893
Ped-Stop-VehLane : 1 : 238 : 0.0 : 0.0
Ped-Wait2X-LftPav : 8 : 741 : 0.0 : 0.0
Ped-Wait2X-RhtPav : 17 : 470 : 1.5856821089982986 : 11.764705926179886
Ped-XingFmLft-IncomLane : 1 : 189 : 0.0 : 0.0
Ped-XingFmLft-Jun : 1 : 318 : 0.0 : 0.0
Ped-XingFmLft-VehLane : 1 : 150 : 100.0 : 100.0
Ped-XingFmLft-xing : 12 : 328 : 0.5952381528913975 : 8.33333358168602
Ped-XingFmRht-IncomLane : 4 : 171 : 0.0 : 0.0
Ped-XingFmRht-Jun : 1 : 235 : 0.0 : 0.0
Ped-XingFmRht-RhtPav : 3 : 4 : 0.0 : 0.0
Ped-XingFmRht-VehLane : 2 : 203 : 0.0 : 0.0

Mean AP:: 6.61 mean Recall 15.57
